2025-04-19 13:13:01.079719 - 7012.T - ファイル保存エラー: '<' not supported between instances of 'Timestamp' and 'str'
2025-04-19 13:13:02.475732 - 7011.T - ファイル保存エラー: '<' not supported between instances of 'Timestamp' and 'str'
2025-04-19 13:13:03.785124 - 6146.T - ファイル保存エラー: '<' not supported between instances of 'Timestamp' and 'str'
2025-04-19 13:13:05.171026 - 6857.T - ファイル保存エラー: '<' not supported between instances of 'Timestamp' and 'str'
2025-04-19 13:13:06.579693 - 7203.T - ファイル保存エラー: '<' not supported between instances of 'Timestamp' and 'str'
2025-04-19 13:13:07.988619 - 8306.T - ファイル保存エラー: '<' not supported between instances of 'Timestamp' and 'str'
2025-04-19 13:13:09.366880 - 5803.T - ファイル保存エラー: '<' not supported between instances of 'Timestamp' and 'str'
2025-04-19 13:13:10.714729 - 2432.T - ファイル保存エラー: '<' not supported between instances of 'Timestamp' and 'str'
2025-04-19 13:13:12.077941 - 8316.T - ファイル保存エラー: '<' not supported between instances of 'Timestamp' and 'str'
2025-04-19 13:13:13.925921 - 8035.T - ファイル保存エラー: '<' not supported between instances of 'Timestamp' and 'str'
2025-04-19 13:13:15.312699 - 6758.T - ファイル保存エラー: '<' not supported between instances of 'Timestamp' and 'str'
2025-04-19 13:13:16.615581 - 9983.T - ファイル保存エラー: '<' not supported between instances of 'Timestamp' and 'str'
2025-04-19 13:13:17.954695 - 7013.T - ファイル保存エラー: '<' not supported between instances of 'Timestamp' and 'str'
2025-04-19 13:13:19.318845 - 9984.T - ファイル保存エラー: '<' not supported between instances of 'Timestamp' and 'str'
2025-04-19 13:13:20.659888 - 8411.T - ファイル保存エラー: '<' not supported between instances of 'Timestamp' and 'str'
2025-04-19 13:13:22.040735 - 6501.T - ファイル保存エラー: '<' not supported between instances of 'Timestamp' and 'str'
2025-04-19 13:13:23.400561 - 6098.T - ファイル保存エラー: '<' not supported between instances of 'Timestamp' and 'str'
2025-04-19 13:13:24.730483 - 7974.T - ファイル保存エラー: '<' not supported between instances of 'Timestamp' and 'str'
2025-04-19 13:13:26.103505 - 8136.T - ファイル保存エラー: '<' not supported between instances of 'Timestamp' and 'str'
2025-04-19 13:13:27.501142 - 6861.T - ファイル保存エラー: '<' not supported between instances of 'Timestamp' and 'str'
2025-04-19 13:13:28.827579 - 6920.T - ファイル保存エラー: '<' not supported between instances of 'Timestamp' and 'str'
2025-04-19 13:13:30.196863 - 9104.T - ファイル保存エラー: '<' not supported between instances of 'Timestamp' and 'str'
2025-04-19 13:13:31.603751 - 7267.T - ファイル保存エラー: '<' not supported between instances of 'Timestamp' and 'str'
2025-04-19 13:13:32.962354 - 4676.T - ファイル保存エラー: '<' not supported between instances of 'Timestamp' and 'str'
2025-04-19 13:13:34.293243 - 8058.T - ファイル保存エラー: '<' not supported between instances of 'Timestamp' and 'str'
2025-04-19 13:13:35.614331 - 8725.T - ファイル保存エラー: '<' not supported between instances of 'Timestamp' and 'str'
2025-04-19 13:13:36.958490 - 8766.T - ファイル保存エラー: '<' not supported between instances of 'Timestamp' and 'str'
2025-04-19 13:13:38.384613 - 4063.T - ファイル保存エラー: '<' not supported between instances of 'Timestamp' and 'str'
2025-04-19 13:13:39.779748 - 9101.T - ファイル保存エラー: '<' not supported between instances of 'Timestamp' and 'str'
2025-04-19 13:13:41.337926 - 9432.T - ファイル保存エラー: '<' not supported between instances of 'Timestamp' and 'str'
2025-04-19 13:13:42.573722 - 285A.T - ファイル保存エラー: '<' not supported between instances of 'Timestamp' and 'str'
2025-04-19 13:13:47.031874 - 7182.T - ファイル保存エラー: '<' not supported between instances of 'Timestamp' and 'str'
2025-04-19 13:13:48.405753 - 8001.T - ファイル保存エラー: '<' not supported between instances of 'Timestamp' and 'str'
2025-04-19 13:13:49.790219 - 4502.T - ファイル保存エラー: '<' not supported between instances of 'Timestamp' and 'str'
2025-04-19 13:13:51.184011 - 9749.T - ファイル保存エラー: '<' not supported between instances of 'Timestamp' and 'str'
2025-04-19 13:13:52.632198 - 8031.T - ファイル保存エラー: '<' not supported between instances of 'Timestamp' and 'str'
2025-04-19 13:13:53.997269 - 2914.T - ファイル保存エラー: '<' not supported between instances of 'Timestamp' and 'str'
2025-04-19 13:13:55.467757 - 7741.T - ファイル保存エラー: '<' not supported between instances of 'Timestamp' and 'str'
2025-04-19 13:13:56.869653 - 7936.T - ファイル保存エラー: '<' not supported between instances of 'Timestamp' and 'str'
2025-04-19 13:13:58.255171 - 6702.T - ファイル保存エラー: '<' not supported between instances of 'Timestamp' and 'str'
2025-04-19 13:13:59.613047 - 6981.T - ファイル保存エラー: '<' not supported between instances of 'Timestamp' and 'str'
2025-04-19 13:14:00.951434 - 5016.T - ファイル保存エラー: '<' not supported between instances of 'Timestamp' and 'str'
2025-04-19 13:14:02.328871 - 6503.T - ファイル保存エラー: '<' not supported between instances of 'Timestamp' and 'str'
2025-04-19 13:14:03.700703 - 6752.T - ファイル保存エラー: '<' not supported between instances of 'Timestamp' and 'str'
2025-04-19 13:14:05.017548 - 6902.T - ファイル保存エラー: '<' not supported between instances of 'Timestamp' and 'str'
2025-04-19 13:14:06.382632 - 6273.T - ファイル保存エラー: '<' not supported between instances of 'Timestamp' and 'str'
2025-04-19 13:14:07.690793 - 9433.T - ファイル保存エラー: '<' not supported between instances of 'Timestamp' and 'str'
2025-04-19 13:14:09.013283 - 9434.T - ファイル保存エラー: '<' not supported between instances of 'Timestamp' and 'str'
2025-04-19 13:14:10.305291 - 6723.T - ファイル保存エラー: '<' not supported between instances of 'Timestamp' and 'str'
2025-04-19 13:14:11.749014 - 4568.T - ファイル保存エラー: '<' not supported between instances of 'Timestamp' and 'str'
2025-04-19 13:14:13.106399 - 6954.T - ファイル保存エラー: '<' not supported between instances of 'Timestamp' and 'str'
2025-04-19 13:14:14.418786 - 4755.T - ファイル保存エラー: '<' not supported between instances of 'Timestamp' and 'str'
2025-04-19 13:14:15.771425 - 8630.T - ファイル保存エラー: '<' not supported between instances of 'Timestamp' and 'str'
2025-04-19 13:14:17.100654 - 5401.T - ファイル保存エラー: '<' not supported between instances of 'Timestamp' and 'str'
2025-04-19 13:14:18.487478 - 4751.T - ファイル保存エラー: '<' not supported between instances of 'Timestamp' and 'str'
2025-04-19 13:14:19.834914 - 6367.T - ファイル保存エラー: '<' not supported between instances of 'Timestamp' and 'str'
2025-04-19 13:14:21.134327 - 6532.T - ファイル保存エラー: '<' not supported between instances of 'Timestamp' and 'str'
2025-04-19 13:14:22.504949 - 7751.T - ファイル保存エラー: '<' not supported between instances of 'Timestamp' and 'str'
2025-04-19 13:14:23.830583 - 4661.T - ファイル保存エラー: '<' not supported between instances of 'Timestamp' and 'str'
2025-04-19 13:14:25.179494 - 6701.T - ファイル保存エラー: '<' not supported between instances of 'Timestamp' and 'str'
2025-04-19 13:14:26.562647 - 8604.T - ファイル保存エラー: '<' not supported between instances of 'Timestamp' and 'str'
2025-04-19 13:14:27.940714 - 8002.T - ファイル保存エラー: '<' not supported between instances of 'Timestamp' and 'str'
2025-04-19 13:14:29.316255 - 7261.T - ファイル保存エラー: '<' not supported between instances of 'Timestamp' and 'str'
2025-04-19 13:14:30.680837 - 7201.T - ファイル保存エラー: '<' not supported between instances of 'Timestamp' and 'str'
2025-04-19 13:14:32.042634 - 4519.T - ファイル保存エラー: '<' not supported between instances of 'Timestamp' and 'str'
2025-04-19 13:14:33.464485 - 8053.T - ファイル保存エラー: '<' not supported between instances of 'Timestamp' and 'str'
2025-04-19 13:14:34.871655 - 6762.T - ファイル保存エラー: '<' not supported between instances of 'Timestamp' and 'str'
2025-04-19 13:14:36.206472 - 8801.T - ファイル保存エラー: '<' not supported between instances of 'Timestamp' and 'str'
2025-04-19 13:14:37.529136 - 9021.T - ファイル保存エラー: '<' not supported between instances of 'Timestamp' and 'str'
2025-04-19 13:14:38.912313 - 8309.T - ファイル保存エラー: '<' not supported between instances of 'Timestamp' and 'str'
2025-04-19 13:14:40.230499 - 1605.T - ファイル保存エラー: '<' not supported between instances of 'Timestamp' and 'str'
2025-04-19 13:14:41.568155 - 5108.T - ファイル保存エラー: '<' not supported between instances of 'Timestamp' and 'str'
2025-04-19 13:14:42.934070 - 4543.T - ファイル保存エラー: '<' not supported between instances of 'Timestamp' and 'str'
2025-04-19 13:14:44.323251 - 9020.T - ファイル保存エラー: '<' not supported between instances of 'Timestamp' and 'str'
2025-04-19 13:14:45.703182 - 7735.T - ファイル保存エラー: '<' not supported between instances of 'Timestamp' and 'str'
2025-04-19 13:14:47.089711 - 7003.T - ファイル保存エラー: '<' not supported between instances of 'Timestamp' and 'str'
2025-04-19 13:14:48.503816 - 9107.T - ファイル保存エラー: '<' not supported between instances of 'Timestamp' and 'str'
2025-04-19 13:14:49.859996 - 7270.T - ファイル保存エラー: '<' not supported between instances of 'Timestamp' and 'str'
2025-04-19 13:14:51.249443 - 7269.T - ファイル保存エラー: '<' not supported between instances of 'Timestamp' and 'str'
2025-04-19 13:14:52.667766 - 8802.T - ファイル保存エラー: '<' not supported between instances of 'Timestamp' and 'str'
2025-04-19 13:14:54.007596 - 8308.T - ファイル保存エラー: '<' not supported between instances of 'Timestamp' and 'str'
2025-04-19 13:14:55.346390 - 4004.T - ファイル保存エラー: '<' not supported between instances of 'Timestamp' and 'str'
2025-04-19 13:14:56.702932 - 9501.T - ファイル保存エラー: '<' not supported between instances of 'Timestamp' and 'str'
2025-04-19 13:14:57.979853 - 5411.T - ファイル保存エラー: '<' not supported between instances of 'Timestamp' and 'str'
2025-04-19 13:14:59.298255 - 6301.T - ファイル保存エラー: '<' not supported between instances of 'Timestamp' and 'str'
2025-04-19 13:15:00.642417 - 6201.T - ファイル保存エラー: '<' not supported between instances of 'Timestamp' and 'str'
2025-04-19 13:15:01.926108 - 7832.T - ファイル保存エラー: '<' not supported between instances of 'Timestamp' and 'str'
2025-04-19 13:15:03.308678 - 5801.T - ファイル保存エラー: '<' not supported between instances of 'Timestamp' and 'str'
2025-04-19 13:15:04.674964 - 8591.T - ファイル保存エラー: '<' not supported between instances of 'Timestamp' and 'str'
2025-04-19 13:15:06.064597 - 4503.T - ファイル保存エラー: '<' not supported between instances of 'Timestamp' and 'str'
2025-04-19 13:15:07.373937 - 6526.T - ファイル保存エラー: '<' not supported between instances of 'Timestamp' and 'str'
2025-04-19 13:15:08.696478 - 5406.T - ファイル保存エラー: '<' not supported between instances of 'Timestamp' and 'str'
2025-04-19 13:15:10.140397 - 4901.T - ファイル保存エラー: '<' not supported between instances of 'Timestamp' and 'str'
2025-04-19 13:15:11.517341 - 4578.T - ファイル保存エラー: '<' not supported between instances of 'Timestamp' and 'str'
2025-04-19 13:15:12.898027 - 8750.T - ファイル保存エラー: '<' not supported between instances of 'Timestamp' and 'str'
2025-04-19 13:15:14.283821 - 5838.T - ファイル保存エラー: '<' not supported between instances of 'Timestamp' and 'str'
2025-04-19 13:15:15.578643 - 6594.T - ファイル保存エラー: '<' not supported between instances of 'Timestamp' and 'str'
2025-04-19 13:15:16.928107 - 2502.T - ファイル保存エラー: '<' not supported between instances of 'Timestamp' and 'str'
2025-04-19 13:15:18.242211 - 5802.T - ファイル保存エラー: '<' not supported between instances of 'Timestamp' and 'str'
2025-04-19 13:15:19.566456 - ^N225 - ファイル保存エラー: '<' not supported between instances of 'Timestamp' and 'str'
2025-04-26 05:29:29.981120 - 7012.T - 422 Client Error: Unprocessable Entity for url: https://query1.finance.yahoo.com/v8/finance/chart/7012.T?interval=5m&range=100d
2025-04-26 05:29:31.228435 - 7011.T - 422 Client Error: Unprocessable Entity for url: https://query1.finance.yahoo.com/v8/finance/chart/7011.T?interval=5m&range=100d
2025-04-26 05:29:32.481567 - 6146.T - 422 Client Error: Unprocessable Entity for url: https://query1.finance.yahoo.com/v8/finance/chart/6146.T?interval=5m&range=100d
2025-04-26 05:29:33.700907 - 6857.T - 422 Client Error: Unprocessable Entity for url: https://query1.finance.yahoo.com/v8/finance/chart/6857.T?interval=5m&range=100d
2025-04-26 05:35:32.733672 - 6857.T - ファイル保存エラー: [Errno 13] Permission denied: 'data\\daily\\6857.T_daily.csv'
2025-04-28 23:38:42.743786 - 6273.T - ファイル保存エラー: [Errno 13] Permission denied: 'data\\daily\\6273.T_daily.csv'
